INFO - 2023-06-20 08:57:30 --> Session: Class initialized using 'CodeIgniter\Session\Handlers\FileHandler' driver.
INFO - 2023-06-20 09:00:37 --> Session: Class initialized using 'CodeIgniter\Session\Handlers\FileHandler' driver.
INFO - 2023-06-20 09:00:38 --> Session: Class initialized using 'CodeIgniter\Session\Handlers\FileHandler' driver.
INFO - 2023-06-20 09:00:38 --> Session: Class initialized using 'CodeIgniter\Session\Handlers\FileHandler' driver.
INFO - 2023-06-20 09:00:41 --> Session: Class initialized using 'CodeIgniter\Session\Handlers\FileHandler' driver.
INFO - 2023-06-20 09:00:41 --> Session: Class initialized using 'CodeIgniter\Session\Handlers\FileHandler' driver.
INFO - 2023-06-20 09:00:43 --> Session: Class initialized using 'CodeIgniter\Session\Handlers\FileHandler' driver.
INFO - 2023-06-20 09:00:43 --> Session: Class initialized using 'CodeIgniter\Session\Handlers\FileHandler' driver.
INFO - 2023-06-20 09:00:51 --> Session: Class initialized using 'CodeIgniter\Session\Handlers\FileHandler' driver.
INFO - 2023-06-20 09:00:53 --> Session: Class initialized using 'CodeIgniter\Session\Handlers\FileHandler' driver.
INFO - 2023-06-20 09:02:34 --> Session: Class initialized using 'CodeIgniter\Session\Handlers\FileHandler' driver.
INFO - 2023-06-20 09:02:36 --> Session: Class initialized using 'CodeIgniter\Session\Handlers\FileHandler' driver.
INFO - 2023-06-20 09:02:37 --> Session: Class initialized using 'CodeIgniter\Session\Handlers\FileHandler' driver.
INFO - 2023-06-20 09:14:10 --> Session: Class initialized using 'CodeIgniter\Session\Handlers\FileHandler' driver.
INFO - 2023-06-20 09:19:26 --> Session: Class initialized using 'CodeIgniter\Session\Handlers\FileHandler' driver.
INFO - 2023-06-20 09:19:28 --> Session: Class initialized using 'CodeIgniter\Session\Handlers\FileHandler' driver.
CRITICAL - 2023-06-20 09:19:38 --> Too few arguments to function App\Controllers\dashboard::inputAnggota(), 0 passed in D:\CI_perpusOri\vendor\codeigniter4\framework\system\CodeIgniter.php on line 934 and exactly 1 expected
in APPPATH\Controllers\dashboard.php on line 68.
 1 SYSTEMPATH\CodeIgniter.php(934): App\Controllers\dashboard->inputAnggota()
 2 SYSTEMPATH\CodeIgniter.php(499): CodeIgniter\CodeIgniter->runController(Object(App\Controllers\dashboard))
 3 SYSTEMPATH\CodeIgniter.php(368): CodeIgniter\CodeIgniter->handleRequest(null, Object(Config\Cache), false)
 4 FCPATH\index.php(67): CodeIgniter\CodeIgniter->run()
 5 SYSTEMPATH\Commands\Server\rewrite.php(47): require_once('D:\\CI_perpusOri\\public\\index.php')
INFO - 2023-06-20 09:20:34 --> Session: Class initialized using 'CodeIgniter\Session\Handlers\FileHandler' driver.
INFO - 2023-06-20 09:20:38 --> Session: Class initialized using 'CodeIgniter\Session\Handlers\FileHandler' driver.
CRITICAL - 2023-06-20 09:20:49 --> Too few arguments to function App\Controllers\dashboard::inputAnggota(), 0 passed in D:\CI_perpusOri\vendor\codeigniter4\framework\system\CodeIgniter.php on line 934 and exactly 1 expected
in APPPATH\Controllers\dashboard.php on line 68.
 1 SYSTEMPATH\CodeIgniter.php(934): App\Controllers\dashboard->inputAnggota()
 2 SYSTEMPATH\CodeIgniter.php(499): CodeIgniter\CodeIgniter->runController(Object(App\Controllers\dashboard))
 3 SYSTEMPATH\CodeIgniter.php(368): CodeIgniter\CodeIgniter->handleRequest(null, Object(Config\Cache), false)
 4 FCPATH\index.php(67): CodeIgniter\CodeIgniter->run()
 5 SYSTEMPATH\Commands\Server\rewrite.php(47): require_once('D:\\CI_perpusOri\\public\\index.php')
CRITICAL - 2023-06-20 09:20:51 --> Too few arguments to function App\Controllers\dashboard::inputAnggota(), 0 passed in D:\CI_perpusOri\vendor\codeigniter4\framework\system\CodeIgniter.php on line 934 and exactly 1 expected
in APPPATH\Controllers\dashboard.php on line 68.
 1 SYSTEMPATH\CodeIgniter.php(934): App\Controllers\dashboard->inputAnggota()
 2 SYSTEMPATH\CodeIgniter.php(499): CodeIgniter\CodeIgniter->runController(Object(App\Controllers\dashboard))
 3 SYSTEMPATH\CodeIgniter.php(368): CodeIgniter\CodeIgniter->handleRequest(null, Object(Config\Cache), false)
 4 FCPATH\index.php(67): CodeIgniter\CodeIgniter->run()
 5 SYSTEMPATH\Commands\Server\rewrite.php(47): require_once('D:\\CI_perpusOri\\public\\index.php')
CRITICAL - 2023-06-20 09:20:51 --> Too few arguments to function App\Controllers\dashboard::inputAnggota(), 0 passed in D:\CI_perpusOri\vendor\codeigniter4\framework\system\CodeIgniter.php on line 934 and exactly 1 expected
in APPPATH\Controllers\dashboard.php on line 68.
 1 SYSTEMPATH\CodeIgniter.php(934): App\Controllers\dashboard->inputAnggota()
 2 SYSTEMPATH\CodeIgniter.php(499): CodeIgniter\CodeIgniter->runController(Object(App\Controllers\dashboard))
 3 SYSTEMPATH\CodeIgniter.php(368): CodeIgniter\CodeIgniter->handleRequest(null, Object(Config\Cache), false)
 4 FCPATH\index.php(67): CodeIgniter\CodeIgniter->run()
 5 SYSTEMPATH\Commands\Server\rewrite.php(47): require_once('D:\\CI_perpusOri\\public\\index.php')
INFO - 2023-06-20 09:23:15 --> Session: Class initialized using 'CodeIgniter\Session\Handlers\FileHandler' driver.
INFO - 2023-06-20 09:23:19 --> Session: Class initialized using 'CodeIgniter\Session\Handlers\FileHandler' driver.
CRITICAL - 2023-06-20 09:23:27 --> Too few arguments to function App\Controllers\dashboard::inputAnggota(), 0 passed in D:\CI_perpusOri\vendor\codeigniter4\framework\system\CodeIgniter.php on line 934 and exactly 1 expected
in APPPATH\Controllers\dashboard.php on line 68.
 1 SYSTEMPATH\CodeIgniter.php(934): App\Controllers\dashboard->inputAnggota()
 2 SYSTEMPATH\CodeIgniter.php(499): CodeIgniter\CodeIgniter->runController(Object(App\Controllers\dashboard))
 3 SYSTEMPATH\CodeIgniter.php(368): CodeIgniter\CodeIgniter->handleRequest(null, Object(Config\Cache), false)
 4 FCPATH\index.php(67): CodeIgniter\CodeIgniter->run()
 5 SYSTEMPATH\Commands\Server\rewrite.php(47): require_once('D:\\CI_perpusOri\\public\\index.php')
INFO - 2023-06-20 09:26:19 --> Session: Class initialized using 'CodeIgniter\Session\Handlers\FileHandler' driver.
INFO - 2023-06-20 09:27:11 --> Session: Class initialized using 'CodeIgniter\Session\Handlers\FileHandler' driver.
CRITICAL - 2023-06-20 09:27:21 --> Too few arguments to function App\Controllers\dashboard::inputAnggota(), 0 passed in D:\CI_perpusOri\vendor\codeigniter4\framework\system\CodeIgniter.php on line 934 and exactly 1 expected
in APPPATH\Controllers\dashboard.php on line 74.
 1 SYSTEMPATH\CodeIgniter.php(934): App\Controllers\dashboard->inputAnggota()
 2 SYSTEMPATH\CodeIgniter.php(499): CodeIgniter\CodeIgniter->runController(Object(App\Controllers\dashboard))
 3 SYSTEMPATH\CodeIgniter.php(368): CodeIgniter\CodeIgniter->handleRequest(null, Object(Config\Cache), false)
 4 FCPATH\index.php(67): CodeIgniter\CodeIgniter->run()
 5 SYSTEMPATH\Commands\Server\rewrite.php(47): require_once('D:\\CI_perpusOri\\public\\index.php')
CRITICAL - 2023-06-20 09:28:27 --> Too few arguments to function App\Controllers\dashboard::inputAnggota(), 0 passed in D:\CI_perpusOri\vendor\codeigniter4\framework\system\CodeIgniter.php on line 934 and exactly 1 expected
in APPPATH\Controllers\dashboard.php on line 74.
 1 SYSTEMPATH\CodeIgniter.php(934): App\Controllers\dashboard->inputAnggota()
 2 SYSTEMPATH\CodeIgniter.php(499): CodeIgniter\CodeIgniter->runController(Object(App\Controllers\dashboard))
 3 SYSTEMPATH\CodeIgniter.php(368): CodeIgniter\CodeIgniter->handleRequest(null, Object(Config\Cache), false)
 4 FCPATH\index.php(67): CodeIgniter\CodeIgniter->run()
 5 SYSTEMPATH\Commands\Server\rewrite.php(47): require_once('D:\\CI_perpusOri\\public\\index.php')
INFO - 2023-06-20 09:28:37 --> Session: Class initialized using 'CodeIgniter\Session\Handlers\FileHandler' driver.
INFO - 2023-06-20 09:28:37 --> Session: Class initialized using 'CodeIgniter\Session\Handlers\FileHandler' driver.
CRITICAL - 2023-06-20 09:28:59 --> Too few arguments to function App\Controllers\dashboard::inputAnggota(), 0 passed in D:\CI_perpusOri\vendor\codeigniter4\framework\system\CodeIgniter.php on line 934 and exactly 1 expected
in APPPATH\Controllers\dashboard.php on line 74.
 1 SYSTEMPATH\CodeIgniter.php(934): App\Controllers\dashboard->inputAnggota()
 2 SYSTEMPATH\CodeIgniter.php(499): CodeIgniter\CodeIgniter->runController(Object(App\Controllers\dashboard))
 3 SYSTEMPATH\CodeIgniter.php(368): CodeIgniter\CodeIgniter->handleRequest(null, Object(Config\Cache), false)
 4 FCPATH\index.php(67): CodeIgniter\CodeIgniter->run()
 5 SYSTEMPATH\Commands\Server\rewrite.php(47): require_once('D:\\CI_perpusOri\\public\\index.php')
INFO - 2023-06-20 09:32:27 --> Session: Class initialized using 'CodeIgniter\Session\Handlers\FileHandler' driver.
INFO - 2023-06-20 09:32:30 --> Session: Class initialized using 'CodeIgniter\Session\Handlers\FileHandler' driver.
INFO - 2023-06-20 09:32:31 --> Session: Class initialized using 'CodeIgniter\Session\Handlers\FileHandler' driver.
CRITICAL - 2023-06-20 09:32:37 --> Too few arguments to function App\Controllers\dashboard::inputAnggota(), 0 passed in D:\CI_perpusOri\vendor\codeigniter4\framework\system\CodeIgniter.php on line 934 and exactly 1 expected
in APPPATH\Controllers\dashboard.php on line 74.
 1 SYSTEMPATH\CodeIgniter.php(934): App\Controllers\dashboard->inputAnggota()
 2 SYSTEMPATH\CodeIgniter.php(499): CodeIgniter\CodeIgniter->runController(Object(App\Controllers\dashboard))
 3 SYSTEMPATH\CodeIgniter.php(368): CodeIgniter\CodeIgniter->handleRequest(null, Object(Config\Cache), false)
 4 FCPATH\index.php(67): CodeIgniter\CodeIgniter->run()
 5 SYSTEMPATH\Commands\Server\rewrite.php(47): require_once('D:\\CI_perpusOri\\public\\index.php')
INFO - 2023-06-20 09:34:24 --> Session: Class initialized using 'CodeIgniter\Session\Handlers\FileHandler' driver.
INFO - 2023-06-20 09:34:25 --> Session: Class initialized using 'CodeIgniter\Session\Handlers\FileHandler' driver.
CRITICAL - 2023-06-20 09:34:30 --> Too few arguments to function App\Controllers\dashboard::inputAnggota(), 0 passed in D:\CI_perpusOri\vendor\codeigniter4\framework\system\CodeIgniter.php on line 934 and exactly 1 expected
in APPPATH\Controllers\dashboard.php on line 74.
 1 SYSTEMPATH\CodeIgniter.php(934): App\Controllers\dashboard->inputAnggota()
 2 SYSTEMPATH\CodeIgniter.php(499): CodeIgniter\CodeIgniter->runController(Object(App\Controllers\dashboard))
 3 SYSTEMPATH\CodeIgniter.php(368): CodeIgniter\CodeIgniter->handleRequest(null, Object(Config\Cache), false)
 4 FCPATH\index.php(67): CodeIgniter\CodeIgniter->run()
 5 SYSTEMPATH\Commands\Server\rewrite.php(47): require_once('D:\\CI_perpusOri\\public\\index.php')
CRITICAL - 2023-06-20 09:35:32 --> Too few arguments to function App\Controllers\dashboard::inputAnggota(), 0 passed in D:\CI_perpusOri\vendor\codeigniter4\framework\system\CodeIgniter.php on line 934 and exactly 1 expected
in APPPATH\Controllers\dashboard.php on line 74.
 1 SYSTEMPATH\CodeIgniter.php(934): App\Controllers\dashboard->inputAnggota()
 2 SYSTEMPATH\CodeIgniter.php(499): CodeIgniter\CodeIgniter->runController(Object(App\Controllers\dashboard))
 3 SYSTEMPATH\CodeIgniter.php(368): CodeIgniter\CodeIgniter->handleRequest(null, Object(Config\Cache), false)
 4 FCPATH\index.php(67): CodeIgniter\CodeIgniter->run()
 5 SYSTEMPATH\Commands\Server\rewrite.php(47): require_once('D:\\CI_perpusOri\\public\\index.php')
CRITICAL - 2023-06-20 09:35:35 --> Too few arguments to function App\Controllers\dashboard::inputAnggota(), 0 passed in D:\CI_perpusOri\vendor\codeigniter4\framework\system\CodeIgniter.php on line 934 and exactly 1 expected
in APPPATH\Controllers\dashboard.php on line 74.
 1 SYSTEMPATH\CodeIgniter.php(934): App\Controllers\dashboard->inputAnggota()
 2 SYSTEMPATH\CodeIgniter.php(499): CodeIgniter\CodeIgniter->runController(Object(App\Controllers\dashboard))
 3 SYSTEMPATH\CodeIgniter.php(368): CodeIgniter\CodeIgniter->handleRequest(null, Object(Config\Cache), false)
 4 FCPATH\index.php(67): CodeIgniter\CodeIgniter->run()
 5 SYSTEMPATH\Commands\Server\rewrite.php(47): require_once('D:\\CI_perpusOri\\public\\index.php')
CRITICAL - 2023-06-20 09:35:36 --> Too few arguments to function App\Controllers\dashboard::inputAnggota(), 0 passed in D:\CI_perpusOri\vendor\codeigniter4\framework\system\CodeIgniter.php on line 934 and exactly 1 expected
in APPPATH\Controllers\dashboard.php on line 74.
 1 SYSTEMPATH\CodeIgniter.php(934): App\Controllers\dashboard->inputAnggota()
 2 SYSTEMPATH\CodeIgniter.php(499): CodeIgniter\CodeIgniter->runController(Object(App\Controllers\dashboard))
 3 SYSTEMPATH\CodeIgniter.php(368): CodeIgniter\CodeIgniter->handleRequest(null, Object(Config\Cache), false)
 4 FCPATH\index.php(67): CodeIgniter\CodeIgniter->run()
 5 SYSTEMPATH\Commands\Server\rewrite.php(47): require_once('D:\\CI_perpusOri\\public\\index.php')
CRITICAL - 2023-06-20 09:35:37 --> Too few arguments to function App\Controllers\dashboard::inputAnggota(), 0 passed in D:\CI_perpusOri\vendor\codeigniter4\framework\system\CodeIgniter.php on line 934 and exactly 1 expected
in APPPATH\Controllers\dashboard.php on line 74.
 1 SYSTEMPATH\CodeIgniter.php(934): App\Controllers\dashboard->inputAnggota()
 2 SYSTEMPATH\CodeIgniter.php(499): CodeIgniter\CodeIgniter->runController(Object(App\Controllers\dashboard))
 3 SYSTEMPATH\CodeIgniter.php(368): CodeIgniter\CodeIgniter->handleRequest(null, Object(Config\Cache), false)
 4 FCPATH\index.php(67): CodeIgniter\CodeIgniter->run()
 5 SYSTEMPATH\Commands\Server\rewrite.php(47): require_once('D:\\CI_perpusOri\\public\\index.php')
CRITICAL - 2023-06-20 09:35:37 --> Too few arguments to function App\Controllers\dashboard::inputAnggota(), 0 passed in D:\CI_perpusOri\vendor\codeigniter4\framework\system\CodeIgniter.php on line 934 and exactly 1 expected
in APPPATH\Controllers\dashboard.php on line 74.
 1 SYSTEMPATH\CodeIgniter.php(934): App\Controllers\dashboard->inputAnggota()
 2 SYSTEMPATH\CodeIgniter.php(499): CodeIgniter\CodeIgniter->runController(Object(App\Controllers\dashboard))
 3 SYSTEMPATH\CodeIgniter.php(368): CodeIgniter\CodeIgniter->handleRequest(null, Object(Config\Cache), false)
 4 FCPATH\index.php(67): CodeIgniter\CodeIgniter->run()
 5 SYSTEMPATH\Commands\Server\rewrite.php(47): require_once('D:\\CI_perpusOri\\public\\index.php')
CRITICAL - 2023-06-20 09:35:37 --> Too few arguments to function App\Controllers\dashboard::inputAnggota(), 0 passed in D:\CI_perpusOri\vendor\codeigniter4\framework\system\CodeIgniter.php on line 934 and exactly 1 expected
in APPPATH\Controllers\dashboard.php on line 74.
 1 SYSTEMPATH\CodeIgniter.php(934): App\Controllers\dashboard->inputAnggota()
 2 SYSTEMPATH\CodeIgniter.php(499): CodeIgniter\CodeIgniter->runController(Object(App\Controllers\dashboard))
 3 SYSTEMPATH\CodeIgniter.php(368): CodeIgniter\CodeIgniter->handleRequest(null, Object(Config\Cache), false)
 4 FCPATH\index.php(67): CodeIgniter\CodeIgniter->run()
 5 SYSTEMPATH\Commands\Server\rewrite.php(47): require_once('D:\\CI_perpusOri\\public\\index.php')
CRITICAL - 2023-06-20 09:35:37 --> Too few arguments to function App\Controllers\dashboard::inputAnggota(), 0 passed in D:\CI_perpusOri\vendor\codeigniter4\framework\system\CodeIgniter.php on line 934 and exactly 1 expected
in APPPATH\Controllers\dashboard.php on line 74.
 1 SYSTEMPATH\CodeIgniter.php(934): App\Controllers\dashboard->inputAnggota()
 2 SYSTEMPATH\CodeIgniter.php(499): CodeIgniter\CodeIgniter->runController(Object(App\Controllers\dashboard))
 3 SYSTEMPATH\CodeIgniter.php(368): CodeIgniter\CodeIgniter->handleRequest(null, Object(Config\Cache), false)
 4 FCPATH\index.php(67): CodeIgniter\CodeIgniter->run()
 5 SYSTEMPATH\Commands\Server\rewrite.php(47): require_once('D:\\CI_perpusOri\\public\\index.php')
CRITICAL - 2023-06-20 09:35:38 --> Too few arguments to function App\Controllers\dashboard::inputAnggota(), 0 passed in D:\CI_perpusOri\vendor\codeigniter4\framework\system\CodeIgniter.php on line 934 and exactly 1 expected
in APPPATH\Controllers\dashboard.php on line 74.
 1 SYSTEMPATH\CodeIgniter.php(934): App\Controllers\dashboard->inputAnggota()
 2 SYSTEMPATH\CodeIgniter.php(499): CodeIgniter\CodeIgniter->runController(Object(App\Controllers\dashboard))
 3 SYSTEMPATH\CodeIgniter.php(368): CodeIgniter\CodeIgniter->handleRequest(null, Object(Config\Cache), false)
 4 FCPATH\index.php(67): CodeIgniter\CodeIgniter->run()
 5 SYSTEMPATH\Commands\Server\rewrite.php(47): require_once('D:\\CI_perpusOri\\public\\index.php')
CRITICAL - 2023-06-20 09:35:38 --> Too few arguments to function App\Controllers\dashboard::inputAnggota(), 0 passed in D:\CI_perpusOri\vendor\codeigniter4\framework\system\CodeIgniter.php on line 934 and exactly 1 expected
in APPPATH\Controllers\dashboard.php on line 74.
 1 SYSTEMPATH\CodeIgniter.php(934): App\Controllers\dashboard->inputAnggota()
 2 SYSTEMPATH\CodeIgniter.php(499): CodeIgniter\CodeIgniter->runController(Object(App\Controllers\dashboard))
 3 SYSTEMPATH\CodeIgniter.php(368): CodeIgniter\CodeIgniter->handleRequest(null, Object(Config\Cache), false)
 4 FCPATH\index.php(67): CodeIgniter\CodeIgniter->run()
 5 SYSTEMPATH\Commands\Server\rewrite.php(47): require_once('D:\\CI_perpusOri\\public\\index.php')
INFO - 2023-06-20 09:35:38 --> Session: Class initialized using 'CodeIgniter\Session\Handlers\FileHandler' driver.
INFO - 2023-06-20 09:35:41 --> Session: Class initialized using 'CodeIgniter\Session\Handlers\FileHandler' driver.
INFO - 2023-06-20 09:35:42 --> Session: Class initialized using 'CodeIgniter\Session\Handlers\FileHandler' driver.
CRITICAL - 2023-06-20 09:35:50 --> Too few arguments to function App\Controllers\dashboard::inputAnggota(), 0 passed in D:\CI_perpusOri\vendor\codeigniter4\framework\system\CodeIgniter.php on line 934 and exactly 1 expected
in APPPATH\Controllers\dashboard.php on line 74.
 1 SYSTEMPATH\CodeIgniter.php(934): App\Controllers\dashboard->inputAnggota()
 2 SYSTEMPATH\CodeIgniter.php(499): CodeIgniter\CodeIgniter->runController(Object(App\Controllers\dashboard))
 3 SYSTEMPATH\CodeIgniter.php(368): CodeIgniter\CodeIgniter->handleRequest(null, Object(Config\Cache), false)
 4 FCPATH\index.php(67): CodeIgniter\CodeIgniter->run()
 5 SYSTEMPATH\Commands\Server\rewrite.php(47): require_once('D:\\CI_perpusOri\\public\\index.php')
INFO - 2023-06-20 09:37:26 --> Session: Class initialized using 'CodeIgniter\Session\Handlers\FileHandler' driver.
INFO - 2023-06-20 09:37:28 --> Session: Class initialized using 'CodeIgniter\Session\Handlers\FileHandler' driver.
CRITICAL - 2023-06-20 09:37:33 --> Too few arguments to function App\Controllers\dashboard::inputAnggota(), 0 passed in D:\CI_perpusOri\vendor\codeigniter4\framework\system\CodeIgniter.php on line 934 and exactly 1 expected
in APPPATH\Controllers\dashboard.php on line 74.
 1 SYSTEMPATH\CodeIgniter.php(934): App\Controllers\dashboard->inputAnggota()
 2 SYSTEMPATH\CodeIgniter.php(499): CodeIgniter\CodeIgniter->runController(Object(App\Controllers\dashboard))
 3 SYSTEMPATH\CodeIgniter.php(368): CodeIgniter\CodeIgniter->handleRequest(null, Object(Config\Cache), false)
 4 FCPATH\index.php(67): CodeIgniter\CodeIgniter->run()
 5 SYSTEMPATH\Commands\Server\rewrite.php(47): require_once('D:\\CI_perpusOri\\public\\index.php')
INFO - 2023-06-20 09:38:53 --> Session: Class initialized using 'CodeIgniter\Session\Handlers\FileHandler' driver.
INFO - 2023-06-20 09:38:56 --> Session: Class initialized using 'CodeIgniter\Session\Handlers\FileHandler' driver.
CRITICAL - 2023-06-20 09:39:01 --> Too few arguments to function App\Controllers\dashboard::inputAnggota(), 0 passed in D:\CI_perpusOri\vendor\codeigniter4\framework\system\CodeIgniter.php on line 934 and exactly 1 expected
in APPPATH\Controllers\dashboard.php on line 74.
 1 SYSTEMPATH\CodeIgniter.php(934): App\Controllers\dashboard->inputAnggota()
 2 SYSTEMPATH\CodeIgniter.php(499): CodeIgniter\CodeIgniter->runController(Object(App\Controllers\dashboard))
 3 SYSTEMPATH\CodeIgniter.php(368): CodeIgniter\CodeIgniter->handleRequest(null, Object(Config\Cache), false)
 4 FCPATH\index.php(67): CodeIgniter\CodeIgniter->run()
 5 SYSTEMPATH\Commands\Server\rewrite.php(47): require_once('D:\\CI_perpusOri\\public\\index.php')
INFO - 2023-06-20 09:41:56 --> Session: Class initialized using 'CodeIgniter\Session\Handlers\FileHandler' driver.
INFO - 2023-06-20 09:41:58 --> Session: Class initialized using 'CodeIgniter\Session\Handlers\FileHandler' driver.
CRITICAL - 2023-06-20 09:42:02 --> Too few arguments to function App\Controllers\dashboard::inputAnggota(), 0 passed in D:\CI_perpusOri\vendor\codeigniter4\framework\system\CodeIgniter.php on line 934 and exactly 1 expected
in APPPATH\Controllers\dashboard.php on line 74.
 1 SYSTEMPATH\CodeIgniter.php(934): App\Controllers\dashboard->inputAnggota()
 2 SYSTEMPATH\CodeIgniter.php(499): CodeIgniter\CodeIgniter->runController(Object(App\Controllers\dashboard))
 3 SYSTEMPATH\CodeIgniter.php(368): CodeIgniter\CodeIgniter->handleRequest(null, Object(Config\Cache), false)
 4 FCPATH\index.php(67): CodeIgniter\CodeIgniter->run()
 5 SYSTEMPATH\Commands\Server\rewrite.php(47): require_once('D:\\CI_perpusOri\\public\\index.php')
INFO - 2023-06-20 09:42:23 --> Session: Class initialized using 'CodeIgniter\Session\Handlers\FileHandler' driver.
INFO - 2023-06-20 09:42:26 --> Session: Class initialized using 'CodeIgniter\Session\Handlers\FileHandler' driver.
INFO - 2023-06-20 09:43:11 --> Session: Class initialized using 'CodeIgniter\Session\Handlers\FileHandler' driver.
INFO - 2023-06-20 09:43:14 --> Session: Class initialized using 'CodeIgniter\Session\Handlers\FileHandler' driver.
INFO - 2023-06-20 09:44:37 --> Session: Class initialized using 'CodeIgniter\Session\Handlers\FileHandler' driver.
INFO - 2023-06-20 09:44:39 --> Session: Class initialized using 'CodeIgniter\Session\Handlers\FileHandler' driver.
INFO - 2023-06-20 09:45:28 --> Session: Class initialized using 'CodeIgniter\Session\Handlers\FileHandler' driver.
INFO - 2023-06-20 09:45:32 --> Session: Class initialized using 'CodeIgniter\Session\Handlers\FileHandler' driver.
INFO - 2023-06-20 09:48:50 --> Session: Class initialized using 'CodeIgniter\Session\Handlers\FileHandler' driver.
INFO - 2023-06-20 09:48:51 --> Session: Class initialized using 'CodeIgniter\Session\Handlers\FileHandler' driver.
INFO - 2023-06-20 09:51:18 --> Session: Class initialized using 'CodeIgniter\Session\Handlers\FileHandler' driver.
INFO - 2023-06-20 09:51:20 --> Session: Class initialized using 'CodeIgniter\Session\Handlers\FileHandler' driver.
