INFO - 2023-06-03 00:52:03 --> Session: Class initialized using 'CodeIgniter\Session\Handlers\FileHandler' driver.
CRITICAL - 2023-06-03 01:06:56 --> syntax error, unexpected ':', expecting :: (T_PAAMAYIM_NEKUDOTAYIM)
in APPPATH\Views\register.php on line 20.
 1 SYSTEMPATH\View\View.php(216): CodeIgniter\View\View->CodeIgniter\View\{closure}()
 2 SYSTEMPATH\Common.php(1184): CodeIgniter\View\View->render('register', [], true)
 3 APPPATH\Controllers\register.php(10): view('register')
 4 SYSTEMPATH\CodeIgniter.php(934): App\Controllers\register->index()
 5 SYSTEMPATH\CodeIgniter.php(499): CodeIgniter\CodeIgniter->runController(Object(App\Controllers\register))
 6 SYSTEMPATH\CodeIgniter.php(368): CodeIgniter\CodeIgniter->handleRequest(null, Object(Config\Cache), false)
 7 FCPATH\index.php(67): CodeIgniter\CodeIgniter->run()
CRITICAL - 2023-06-03 01:07:18 --> syntax error, unexpected ':', expecting :: (T_PAAMAYIM_NEKUDOTAYIM)
in APPPATH\Views\register.php on line 20.
 1 SYSTEMPATH\View\View.php(216): CodeIgniter\View\View->CodeIgniter\View\{closure}()
 2 SYSTEMPATH\Common.php(1184): CodeIgniter\View\View->render('register', [], true)
 3 APPPATH\Controllers\register.php(10): view('register')
 4 SYSTEMPATH\CodeIgniter.php(934): App\Controllers\register->index()
 5 SYSTEMPATH\CodeIgniter.php(499): CodeIgniter\CodeIgniter->runController(Object(App\Controllers\register))
 6 SYSTEMPATH\CodeIgniter.php(368): CodeIgniter\CodeIgniter->handleRequest(null, Object(Config\Cache), false)
 7 FCPATH\index.php(67): CodeIgniter\CodeIgniter->run()
CRITICAL - 2023-06-03 01:08:28 --> syntax error, unexpected ':', expecting :: (T_PAAMAYIM_NEKUDOTAYIM)
in APPPATH\Views\register.php on line 20.
 1 SYSTEMPATH\View\View.php(216): CodeIgniter\View\View->CodeIgniter\View\{closure}()
 2 SYSTEMPATH\Common.php(1184): CodeIgniter\View\View->render('register', [], true)
 3 APPPATH\Controllers\register.php(10): view('register')
 4 SYSTEMPATH\CodeIgniter.php(934): App\Controllers\register->index()
 5 SYSTEMPATH\CodeIgniter.php(499): CodeIgniter\CodeIgniter->runController(Object(App\Controllers\register))
 6 SYSTEMPATH\CodeIgniter.php(368): CodeIgniter\CodeIgniter->handleRequest(null, Object(Config\Cache), false)
 7 FCPATH\index.php(67): CodeIgniter\CodeIgniter->run()
CRITICAL - 2023-06-03 01:08:41 --> syntax error, unexpected ';', expecting :: (T_PAAMAYIM_NEKUDOTAYIM)
in APPPATH\Views\register.php on line 20.
 1 SYSTEMPATH\View\View.php(216): CodeIgniter\View\View->CodeIgniter\View\{closure}()
 2 SYSTEMPATH\Common.php(1184): CodeIgniter\View\View->render('register', [], true)
 3 APPPATH\Controllers\register.php(10): view('register')
 4 SYSTEMPATH\CodeIgniter.php(934): App\Controllers\register->index()
 5 SYSTEMPATH\CodeIgniter.php(499): CodeIgniter\CodeIgniter->runController(Object(App\Controllers\register))
 6 SYSTEMPATH\CodeIgniter.php(368): CodeIgniter\CodeIgniter->handleRequest(null, Object(Config\Cache), false)
 7 FCPATH\index.php(67): CodeIgniter\CodeIgniter->run()
CRITICAL - 2023-06-03 01:08:42 --> syntax error, unexpected ';', expecting :: (T_PAAMAYIM_NEKUDOTAYIM)
in APPPATH\Views\register.php on line 20.
 1 SYSTEMPATH\View\View.php(216): CodeIgniter\View\View->CodeIgniter\View\{closure}()
 2 SYSTEMPATH\Common.php(1184): CodeIgniter\View\View->render('register', [], true)
 3 APPPATH\Controllers\register.php(10): view('register')
 4 SYSTEMPATH\CodeIgniter.php(934): App\Controllers\register->index()
 5 SYSTEMPATH\CodeIgniter.php(499): CodeIgniter\CodeIgniter->runController(Object(App\Controllers\register))
 6 SYSTEMPATH\CodeIgniter.php(368): CodeIgniter\CodeIgniter->handleRequest(null, Object(Config\Cache), false)
 7 FCPATH\index.php(67): CodeIgniter\CodeIgniter->run()
CRITICAL - 2023-06-03 01:08:42 --> syntax error, unexpected ';', expecting :: (T_PAAMAYIM_NEKUDOTAYIM)
in APPPATH\Views\register.php on line 20.
 1 SYSTEMPATH\View\View.php(216): CodeIgniter\View\View->CodeIgniter\View\{closure}()
 2 SYSTEMPATH\Common.php(1184): CodeIgniter\View\View->render('register', [], true)
 3 APPPATH\Controllers\register.php(10): view('register')
 4 SYSTEMPATH\CodeIgniter.php(934): App\Controllers\register->index()
 5 SYSTEMPATH\CodeIgniter.php(499): CodeIgniter\CodeIgniter->runController(Object(App\Controllers\register))
 6 SYSTEMPATH\CodeIgniter.php(368): CodeIgniter\CodeIgniter->handleRequest(null, Object(Config\Cache), false)
 7 FCPATH\index.php(67): CodeIgniter\CodeIgniter->run()
CRITICAL - 2023-06-03 01:08:54 --> syntax error, unexpected ':', expecting :: (T_PAAMAYIM_NEKUDOTAYIM)
in APPPATH\Views\register.php on line 20.
 1 SYSTEMPATH\View\View.php(216): CodeIgniter\View\View->CodeIgniter\View\{closure}()
 2 SYSTEMPATH\Common.php(1184): CodeIgniter\View\View->render('register', [], true)
 3 APPPATH\Controllers\register.php(10): view('register')
 4 SYSTEMPATH\CodeIgniter.php(934): App\Controllers\register->index()
 5 SYSTEMPATH\CodeIgniter.php(499): CodeIgniter\CodeIgniter->runController(Object(App\Controllers\register))
 6 SYSTEMPATH\CodeIgniter.php(368): CodeIgniter\CodeIgniter->handleRequest(null, Object(Config\Cache), false)
 7 FCPATH\index.php(67): CodeIgniter\CodeIgniter->run()
CRITICAL - 2023-06-03 01:09:00 --> syntax error, unexpected '?>', expecting :: (T_PAAMAYIM_NEKUDOTAYIM)
in APPPATH\Views\register.php on line 20.
 1 SYSTEMPATH\View\View.php(216): CodeIgniter\View\View->CodeIgniter\View\{closure}()
 2 SYSTEMPATH\Common.php(1184): CodeIgniter\View\View->render('register', [], true)
 3 APPPATH\Controllers\register.php(10): view('register')
 4 SYSTEMPATH\CodeIgniter.php(934): App\Controllers\register->index()
 5 SYSTEMPATH\CodeIgniter.php(499): CodeIgniter\CodeIgniter->runController(Object(App\Controllers\register))
 6 SYSTEMPATH\CodeIgniter.php(368): CodeIgniter\CodeIgniter->handleRequest(null, Object(Config\Cache), false)
 7 FCPATH\index.php(67): CodeIgniter\CodeIgniter->run()
INFO - 2023-06-03 01:09:22 --> Session: Class initialized using 'CodeIgniter\Session\Handlers\FileHandler' driver.
INFO - 2023-06-03 01:09:42 --> Session: Class initialized using 'CodeIgniter\Session\Handlers\FileHandler' driver.
INFO - 2023-06-03 01:09:43 --> Session: Class initialized using 'CodeIgniter\Session\Handlers\FileHandler' driver.
