INFO - 2023-06-10 00:22:59 --> Session: Class initialized using 'CodeIgniter\Session\Handlers\FileHandler' driver.
CRITICAL - 2023-06-10 00:22:59 --> Invalid argument supplied for foreach()
in APPPATH\Views\register.php on line 20.
 1 APPPATH\Views\register.php(20): CodeIgniter\Debug\Exceptions->errorHandler(2, 'Invalid argument supplied for foreach()', 'E:\\xampp\\htdocs\\21.01.4689\\CI_perpusOri\\app\\Views\\register.php', 20, [])
 2 SYSTEMPATH\View\View.php(213): include('E:\\xampp\\htdocs\\21.01.4689\\CI_perpusOri\\app\\Views\\register.php')
 3 SYSTEMPATH\View\View.php(216): CodeIgniter\View\View->CodeIgniter\View\{closure}()
 4 SYSTEMPATH\Common.php(1184): CodeIgniter\View\View->render('register', [], true)
 5 APPPATH\Controllers\register.php(10): view('register')
 6 SYSTEMPATH\CodeIgniter.php(934): App\Controllers\register->index()
 7 SYSTEMPATH\CodeIgniter.php(499): CodeIgniter\CodeIgniter->runController(Object(App\Controllers\register))
 8 SYSTEMPATH\CodeIgniter.php(368): CodeIgniter\CodeIgniter->handleRequest(null, Object(Config\Cache), false)
 9 FCPATH\index.php(67): CodeIgniter\CodeIgniter->run()
10 SYSTEMPATH\Commands\Server\rewrite.php(47): require_once('E:\\xampp\\htdocs\\21.01.4689\\CI_perpusOri\\public\\index.php')
INFO - 2023-06-10 00:24:25 --> Session: Class initialized using 'CodeIgniter\Session\Handlers\FileHandler' driver.
CRITICAL - 2023-06-10 00:24:25 --> Invalid argument supplied for foreach()
in APPPATH\Views\register.php on line 20.
 1 APPPATH\Views\register.php(20): CodeIgniter\Debug\Exceptions->errorHandler(2, 'Invalid argument supplied for foreach()', 'E:\\xampp\\htdocs\\21.01.4689\\CI_perpusOri\\app\\Views\\register.php', 20, [])
 2 SYSTEMPATH\View\View.php(213): include('E:\\xampp\\htdocs\\21.01.4689\\CI_perpusOri\\app\\Views\\register.php')
 3 SYSTEMPATH\View\View.php(216): CodeIgniter\View\View->CodeIgniter\View\{closure}()
 4 SYSTEMPATH\Common.php(1184): CodeIgniter\View\View->render('register', [], true)
 5 APPPATH\Controllers\register.php(10): view('register')
 6 SYSTEMPATH\CodeIgniter.php(934): App\Controllers\register->index()
 7 SYSTEMPATH\CodeIgniter.php(499): CodeIgniter\CodeIgniter->runController(Object(App\Controllers\register))
 8 SYSTEMPATH\CodeIgniter.php(368): CodeIgniter\CodeIgniter->handleRequest(null, Object(Config\Cache), false)
 9 FCPATH\index.php(67): CodeIgniter\CodeIgniter->run()
10 SYSTEMPATH\Commands\Server\rewrite.php(47): require_once('E:\\xampp\\htdocs\\21.01.4689\\CI_perpusOri\\public\\index.php')
INFO - 2023-06-10 00:24:28 --> Session: Class initialized using 'CodeIgniter\Session\Handlers\FileHandler' driver.
CRITICAL - 2023-06-10 00:24:28 --> Invalid argument supplied for foreach()
in APPPATH\Views\register.php on line 20.
 1 APPPATH\Views\register.php(20): CodeIgniter\Debug\Exceptions->errorHandler(2, 'Invalid argument supplied for foreach()', 'E:\\xampp\\htdocs\\21.01.4689\\CI_perpusOri\\app\\Views\\register.php', 20, [])
 2 SYSTEMPATH\View\View.php(213): include('E:\\xampp\\htdocs\\21.01.4689\\CI_perpusOri\\app\\Views\\register.php')
 3 SYSTEMPATH\View\View.php(216): CodeIgniter\View\View->CodeIgniter\View\{closure}()
 4 SYSTEMPATH\Common.php(1184): CodeIgniter\View\View->render('register', [], true)
 5 APPPATH\Controllers\register.php(10): view('register')
 6 SYSTEMPATH\CodeIgniter.php(934): App\Controllers\register->index()
 7 SYSTEMPATH\CodeIgniter.php(499): CodeIgniter\CodeIgniter->runController(Object(App\Controllers\register))
 8 SYSTEMPATH\CodeIgniter.php(368): CodeIgniter\CodeIgniter->handleRequest(null, Object(Config\Cache), false)
 9 FCPATH\index.php(67): CodeIgniter\CodeIgniter->run()
10 SYSTEMPATH\Commands\Server\rewrite.php(47): require_once('E:\\xampp\\htdocs\\21.01.4689\\CI_perpusOri\\public\\index.php')
INFO - 2023-06-10 00:24:32 --> Session: Class initialized using 'CodeIgniter\Session\Handlers\FileHandler' driver.
INFO - 2023-06-10 00:25:26 --> Session: Class initialized using 'CodeIgniter\Session\Handlers\FileHandler' driver.
CRITICAL - 2023-06-10 00:25:26 --> Invalid argument supplied for foreach()
in APPPATH\Views\register.php on line 20.
 1 APPPATH\Views\register.php(20): CodeIgniter\Debug\Exceptions->errorHandler(2, 'Invalid argument supplied for foreach()', 'E:\\xampp\\htdocs\\21.01.4689\\CI_perpusOri\\app\\Views\\register.php', 20, [])
 2 SYSTEMPATH\View\View.php(213): include('E:\\xampp\\htdocs\\21.01.4689\\CI_perpusOri\\app\\Views\\register.php')
 3 SYSTEMPATH\View\View.php(216): CodeIgniter\View\View->CodeIgniter\View\{closure}()
 4 SYSTEMPATH\Common.php(1184): CodeIgniter\View\View->render('register', [], true)
 5 APPPATH\Controllers\register.php(10): view('register')
 6 SYSTEMPATH\CodeIgniter.php(934): App\Controllers\register->index()
 7 SYSTEMPATH\CodeIgniter.php(499): CodeIgniter\CodeIgniter->runController(Object(App\Controllers\register))
 8 SYSTEMPATH\CodeIgniter.php(368): CodeIgniter\CodeIgniter->handleRequest(null, Object(Config\Cache), false)
 9 FCPATH\index.php(67): CodeIgniter\CodeIgniter->run()
10 SYSTEMPATH\Commands\Server\rewrite.php(47): require_once('E:\\xampp\\htdocs\\21.01.4689\\CI_perpusOri\\public\\index.php')
INFO - 2023-06-10 00:26:29 --> Session: Class initialized using 'CodeIgniter\Session\Handlers\FileHandler' driver.
CRITICAL - 2023-06-10 00:26:29 --> Invalid argument supplied for foreach()
in APPPATH\Views\register.php on line 20.
 1 APPPATH\Views\register.php(20): CodeIgniter\Debug\Exceptions->errorHandler(2, 'Invalid argument supplied for foreach()', 'E:\\xampp\\htdocs\\21.01.4689\\CI_perpusOri\\app\\Views\\register.php', 20, [])
 2 SYSTEMPATH\View\View.php(213): include('E:\\xampp\\htdocs\\21.01.4689\\CI_perpusOri\\app\\Views\\register.php')
 3 SYSTEMPATH\View\View.php(216): CodeIgniter\View\View->CodeIgniter\View\{closure}()
 4 SYSTEMPATH\Common.php(1184): CodeIgniter\View\View->render('register', [], true)
 5 APPPATH\Controllers\register.php(10): view('register')
 6 SYSTEMPATH\CodeIgniter.php(934): App\Controllers\register->index()
 7 SYSTEMPATH\CodeIgniter.php(499): CodeIgniter\CodeIgniter->runController(Object(App\Controllers\register))
 8 SYSTEMPATH\CodeIgniter.php(368): CodeIgniter\CodeIgniter->handleRequest(null, Object(Config\Cache), false)
 9 FCPATH\index.php(67): CodeIgniter\CodeIgniter->run()
INFO - 2023-06-10 00:53:10 --> Session: Class initialized using 'CodeIgniter\Session\Handlers\FileHandler' driver.
CRITICAL - 2023-06-10 00:53:10 --> Invalid argument supplied for foreach()
in APPPATH\Views\register.php on line 20.
 1 APPPATH\Views\register.php(20): CodeIgniter\Debug\Exceptions->errorHandler(2, 'Invalid argument supplied for foreach()', 'E:\\xampp\\htdocs\\21.01.4689\\CI_perpusOri\\app\\Views\\register.php', 20, [])
 2 SYSTEMPATH\View\View.php(213): include('E:\\xampp\\htdocs\\21.01.4689\\CI_perpusOri\\app\\Views\\register.php')
 3 SYSTEMPATH\View\View.php(216): CodeIgniter\View\View->CodeIgniter\View\{closure}()
 4 SYSTEMPATH\Common.php(1184): CodeIgniter\View\View->render('register', [], true)
 5 APPPATH\Controllers\register.php(10): view('register')
 6 SYSTEMPATH\CodeIgniter.php(934): App\Controllers\register->index()
 7 SYSTEMPATH\CodeIgniter.php(499): CodeIgniter\CodeIgniter->runController(Object(App\Controllers\register))
 8 SYSTEMPATH\CodeIgniter.php(368): CodeIgniter\CodeIgniter->handleRequest(null, Object(Config\Cache), false)
 9 FCPATH\index.php(67): CodeIgniter\CodeIgniter->run()
CRITICAL - 2023-06-10 00:55:08 --> Invalid file: "dashboard.php"
in SYSTEMPATH\Exceptions\FrameworkException.php on line 33.
 1 SYSTEMPATH\View\View.php(201): CodeIgniter\Exceptions\FrameworkException::forInvalidFile('dashboard.php')
 2 SYSTEMPATH\Common.php(1184): CodeIgniter\View\View->render('dashboard', [], true)
 3 APPPATH\Controllers\dashboard.php(9): view('dashboard')
 4 SYSTEMPATH\CodeIgniter.php(934): App\Controllers\dashboard->index()
 5 SYSTEMPATH\CodeIgniter.php(499): CodeIgniter\CodeIgniter->runController(Object(App\Controllers\dashboard))
 6 SYSTEMPATH\CodeIgniter.php(368): CodeIgniter\CodeIgniter->handleRequest(null, Object(Config\Cache), false)
 7 FCPATH\index.php(67): CodeIgniter\CodeIgniter->run()
CRITICAL - 2023-06-10 00:56:00 --> include(header.php): failed to open stream: No such file or directory
in APPPATH\Views\dashboard\index.php on line 1.
 1 APPPATH\Views\dashboard\index.php(1): CodeIgniter\Debug\Exceptions->errorHandler(2, 'include(header.php): failed to open stream: No such file or directory', 'E:\\xampp\\htdocs\\21.01.4689\\CI_perpusOri\\app\\Views\\dashboard\\index.php', 1, [])
 2 APPPATH\Views\dashboard\index.php(1): include()
 3 SYSTEMPATH\View\View.php(213): include('E:\\xampp\\htdocs\\21.01.4689\\CI_perpusOri\\app\\Views\\dashboard\\index.php')
 4 SYSTEMPATH\View\View.php(216): CodeIgniter\View\View->CodeIgniter\View\{closure}()
 5 SYSTEMPATH\Common.php(1184): CodeIgniter\View\View->render('dashboard/index', [], true)
 6 APPPATH\Controllers\dashboard.php(9): view('dashboard/index')
 7 SYSTEMPATH\CodeIgniter.php(934): App\Controllers\dashboard->index()
 8 SYSTEMPATH\CodeIgniter.php(499): CodeIgniter\CodeIgniter->runController(Object(App\Controllers\dashboard))
 9 SYSTEMPATH\CodeIgniter.php(368): CodeIgniter\CodeIgniter->handleRequest(null, Object(Config\Cache), false)
10 FCPATH\index.php(67): CodeIgniter\CodeIgniter->run()
CRITICAL - 2023-06-10 00:56:01 --> include(header.php): failed to open stream: No such file or directory
in APPPATH\Views\dashboard\index.php on line 1.
 1 APPPATH\Views\dashboard\index.php(1): CodeIgniter\Debug\Exceptions->errorHandler(2, 'include(header.php): failed to open stream: No such file or directory', 'E:\\xampp\\htdocs\\21.01.4689\\CI_perpusOri\\app\\Views\\dashboard\\index.php', 1, [])
 2 APPPATH\Views\dashboard\index.php(1): include()
 3 SYSTEMPATH\View\View.php(213): include('E:\\xampp\\htdocs\\21.01.4689\\CI_perpusOri\\app\\Views\\dashboard\\index.php')
 4 SYSTEMPATH\View\View.php(216): CodeIgniter\View\View->CodeIgniter\View\{closure}()
 5 SYSTEMPATH\Common.php(1184): CodeIgniter\View\View->render('dashboard/index', [], true)
 6 APPPATH\Controllers\dashboard.php(9): view('dashboard/index')
 7 SYSTEMPATH\CodeIgniter.php(934): App\Controllers\dashboard->index()
 8 SYSTEMPATH\CodeIgniter.php(499): CodeIgniter\CodeIgniter->runController(Object(App\Controllers\dashboard))
 9 SYSTEMPATH\CodeIgniter.php(368): CodeIgniter\CodeIgniter->handleRequest(null, Object(Config\Cache), false)
10 FCPATH\index.php(67): CodeIgniter\CodeIgniter->run()
CRITICAL - 2023-06-10 00:56:24 --> include(/header.php): failed to open stream: No such file or directory
in APPPATH\Views\dashboard\index.php on line 1.
 1 APPPATH\Views\dashboard\index.php(1): CodeIgniter\Debug\Exceptions->errorHandler(2, 'include(/header.php): failed to open stream: No such file or directory', 'E:\\xampp\\htdocs\\21.01.4689\\CI_perpusOri\\app\\Views\\dashboard\\index.php', 1, [])
 2 APPPATH\Views\dashboard\index.php(1): include()
 3 SYSTEMPATH\View\View.php(213): include('E:\\xampp\\htdocs\\21.01.4689\\CI_perpusOri\\app\\Views\\dashboard\\index.php')
 4 SYSTEMPATH\View\View.php(216): CodeIgniter\View\View->CodeIgniter\View\{closure}()
 5 SYSTEMPATH\Common.php(1184): CodeIgniter\View\View->render('dashboard/index', [], true)
 6 APPPATH\Controllers\dashboard.php(9): view('dashboard/index')
 7 SYSTEMPATH\CodeIgniter.php(934): App\Controllers\dashboard->index()
 8 SYSTEMPATH\CodeIgniter.php(499): CodeIgniter\CodeIgniter->runController(Object(App\Controllers\dashboard))
 9 SYSTEMPATH\CodeIgniter.php(368): CodeIgniter\CodeIgniter->handleRequest(null, Object(Config\Cache), false)
10 FCPATH\index.php(67): CodeIgniter\CodeIgniter->run()
CRITICAL - 2023-06-10 00:56:42 --> include(./header.php): failed to open stream: No such file or directory
in APPPATH\Views\dashboard\index.php on line 1.
 1 APPPATH\Views\dashboard\index.php(1): CodeIgniter\Debug\Exceptions->errorHandler(2, 'include(./header.php): failed to open stream: No such file or directory', 'E:\\xampp\\htdocs\\21.01.4689\\CI_perpusOri\\app\\Views\\dashboard\\index.php', 1, [])
 2 APPPATH\Views\dashboard\index.php(1): include()
 3 SYSTEMPATH\View\View.php(213): include('E:\\xampp\\htdocs\\21.01.4689\\CI_perpusOri\\app\\Views\\dashboard\\index.php')
 4 SYSTEMPATH\View\View.php(216): CodeIgniter\View\View->CodeIgniter\View\{closure}()
 5 SYSTEMPATH\Common.php(1184): CodeIgniter\View\View->render('dashboard/index', [], true)
 6 APPPATH\Controllers\dashboard.php(9): view('dashboard/index')
 7 SYSTEMPATH\CodeIgniter.php(934): App\Controllers\dashboard->index()
 8 SYSTEMPATH\CodeIgniter.php(499): CodeIgniter\CodeIgniter->runController(Object(App\Controllers\dashboard))
 9 SYSTEMPATH\CodeIgniter.php(368): CodeIgniter\CodeIgniter->handleRequest(null, Object(Config\Cache), false)
10 FCPATH\index.php(67): CodeIgniter\CodeIgniter->run()
CRITICAL - 2023-06-10 00:56:53 --> include(../header.php): failed to open stream: No such file or directory
in APPPATH\Views\dashboard\index.php on line 1.
 1 APPPATH\Views\dashboard\index.php(1): CodeIgniter\Debug\Exceptions->errorHandler(2, 'include(../header.php): failed to open stream: No such file or directory', 'E:\\xampp\\htdocs\\21.01.4689\\CI_perpusOri\\app\\Views\\dashboard\\index.php', 1, [])
 2 APPPATH\Views\dashboard\index.php(1): include()
 3 SYSTEMPATH\View\View.php(213): include('E:\\xampp\\htdocs\\21.01.4689\\CI_perpusOri\\app\\Views\\dashboard\\index.php')
 4 SYSTEMPATH\View\View.php(216): CodeIgniter\View\View->CodeIgniter\View\{closure}()
 5 SYSTEMPATH\Common.php(1184): CodeIgniter\View\View->render('dashboard/index', [], true)
 6 APPPATH\Controllers\dashboard.php(9): view('dashboard/index')
 7 SYSTEMPATH\CodeIgniter.php(934): App\Controllers\dashboard->index()
 8 SYSTEMPATH\CodeIgniter.php(499): CodeIgniter\CodeIgniter->runController(Object(App\Controllers\dashboard))
 9 SYSTEMPATH\CodeIgniter.php(368): CodeIgniter\CodeIgniter->handleRequest(null, Object(Config\Cache), false)
10 FCPATH\index.php(67): CodeIgniter\CodeIgniter->run()
CRITICAL - 2023-06-10 00:56:59 --> include(./header.php): failed to open stream: No such file or directory
in APPPATH\Views\dashboard\index.php on line 1.
 1 APPPATH\Views\dashboard\index.php(1): CodeIgniter\Debug\Exceptions->errorHandler(2, 'include(./header.php): failed to open stream: No such file or directory', 'E:\\xampp\\htdocs\\21.01.4689\\CI_perpusOri\\app\\Views\\dashboard\\index.php', 1, [])
 2 APPPATH\Views\dashboard\index.php(1): include()
 3 SYSTEMPATH\View\View.php(213): include('E:\\xampp\\htdocs\\21.01.4689\\CI_perpusOri\\app\\Views\\dashboard\\index.php')
 4 SYSTEMPATH\View\View.php(216): CodeIgniter\View\View->CodeIgniter\View\{closure}()
 5 SYSTEMPATH\Common.php(1184): CodeIgniter\View\View->render('dashboard/index', [], true)
 6 APPPATH\Controllers\dashboard.php(9): view('dashboard/index')
 7 SYSTEMPATH\CodeIgniter.php(934): App\Controllers\dashboard->index()
 8 SYSTEMPATH\CodeIgniter.php(499): CodeIgniter\CodeIgniter->runController(Object(App\Controllers\dashboard))
 9 SYSTEMPATH\CodeIgniter.php(368): CodeIgniter\CodeIgniter->handleRequest(null, Object(Config\Cache), false)
10 FCPATH\index.php(67): CodeIgniter\CodeIgniter->run()
CRITICAL - 2023-06-10 00:57:37 --> Invalid file: "header.php"
in SYSTEMPATH\Exceptions\FrameworkException.php on line 33.
 1 SYSTEMPATH\View\View.php(201): CodeIgniter\Exceptions\FrameworkException::forInvalidFile('header.php')
 2 SYSTEMPATH\Common.php(1184): CodeIgniter\View\View->render('header', [], true)
 3 APPPATH\Controllers\Home.php(10): view('header')
 4 SYSTEMPATH\CodeIgniter.php(934): App\Controllers\Home->index()
 5 SYSTEMPATH\CodeIgniter.php(499): CodeIgniter\CodeIgniter->runController(Object(App\Controllers\Home))
 6 SYSTEMPATH\CodeIgniter.php(368): CodeIgniter\CodeIgniter->handleRequest(null, Object(Config\Cache), false)
 7 FCPATH\index.php(67): CodeIgniter\CodeIgniter->run()
CRITICAL - 2023-06-10 00:57:39 --> Invalid file: "header.php"
in SYSTEMPATH\Exceptions\FrameworkException.php on line 33.
 1 SYSTEMPATH\View\View.php(201): CodeIgniter\Exceptions\FrameworkException::forInvalidFile('header.php')
 2 SYSTEMPATH\Common.php(1184): CodeIgniter\View\View->render('header', [], true)
 3 APPPATH\Controllers\Home.php(10): view('header')
 4 SYSTEMPATH\CodeIgniter.php(934): App\Controllers\Home->index()
 5 SYSTEMPATH\CodeIgniter.php(499): CodeIgniter\CodeIgniter->runController(Object(App\Controllers\Home))
 6 SYSTEMPATH\CodeIgniter.php(368): CodeIgniter\CodeIgniter->handleRequest(null, Object(Config\Cache), false)
 7 FCPATH\index.php(67): CodeIgniter\CodeIgniter->run()
CRITICAL - 2023-06-10 00:57:39 --> Invalid file: "header.php"
in SYSTEMPATH\Exceptions\FrameworkException.php on line 33.
 1 SYSTEMPATH\View\View.php(201): CodeIgniter\Exceptions\FrameworkException::forInvalidFile('header.php')
 2 SYSTEMPATH\Common.php(1184): CodeIgniter\View\View->render('header', [], true)
 3 APPPATH\Controllers\Home.php(10): view('header')
 4 SYSTEMPATH\CodeIgniter.php(934): App\Controllers\Home->index()
 5 SYSTEMPATH\CodeIgniter.php(499): CodeIgniter\CodeIgniter->runController(Object(App\Controllers\Home))
 6 SYSTEMPATH\CodeIgniter.php(368): CodeIgniter\CodeIgniter->handleRequest(null, Object(Config\Cache), false)
 7 FCPATH\index.php(67): CodeIgniter\CodeIgniter->run()
CRITICAL - 2023-06-10 00:57:40 --> Invalid file: "header.php"
in SYSTEMPATH\Exceptions\FrameworkException.php on line 33.
 1 SYSTEMPATH\View\View.php(201): CodeIgniter\Exceptions\FrameworkException::forInvalidFile('header.php')
 2 SYSTEMPATH\Common.php(1184): CodeIgniter\View\View->render('header', [], true)
 3 APPPATH\Controllers\Home.php(10): view('header')
 4 SYSTEMPATH\CodeIgniter.php(934): App\Controllers\Home->index()
 5 SYSTEMPATH\CodeIgniter.php(499): CodeIgniter\CodeIgniter->runController(Object(App\Controllers\Home))
 6 SYSTEMPATH\CodeIgniter.php(368): CodeIgniter\CodeIgniter->handleRequest(null, Object(Config\Cache), false)
 7 FCPATH\index.php(67): CodeIgniter\CodeIgniter->run()
INFO - 2023-06-10 00:59:16 --> Session: Class initialized using 'CodeIgniter\Session\Handlers\FileHandler' driver.
